<?xml version="1.0" encoding="UTF-8"?>
<!-- Generated by org.testng.reporters.JUnitReportReporter -->
<testsuite hostname="hp" failures="0" tests="1" name="testpackage.LoginTest1" time="132.934" errors="0" timestamp="2022-09-30T16:14:08 IST" skipped="0">
  <testcase classname="testpackage.LoginTest1" name="loginintoapp" time="132.934"/>
  <system-out/>
</testsuite> <!-- testpackage.LoginTest1 -->
