<?xml version="1.0" encoding="UTF-8"?>
<!-- Generated by org.testng.reporters.JUnitReportReporter -->
<testsuite hostname="hp" failures="0" tests="2" name="testpackage.Logintest" time="52.929" errors="0" timestamp="2022-09-30T22:14:54 IST" skipped="0">
  <testcase classname="testpackage.Logintest" name="loginintoapp" time="28.295"/>
  <system-out/>
  <testcase classname="testpackage.Logintest" name="exploretheapp" time="24.634"/>
  <system-out/>
</testsuite> <!-- testpackage.Logintest -->
